# This is an auto-generated Django model module.
# You'll have to do the following manually to clean this up:
#     * Rearrange models' order
#     * Make sure each model has one field with primary_key=True
# Feel free to rename the models, but don't rename db_table values or field names.
#
# Also note: You'll have to insert the output of 'django-admin.py sqlcustom [appname]'
# into your database.

from django.db import models

class Variable(models.Model):
    id = models.IntegerField(primary_key=True)
    name = models.TextField()
    units = models.TextField()
    description = models.TextField()
    default_val = models.FloatField()
    class Meta:
        db_table = u'variable'

class DefinedFor(models.Model):
    model = models.ForeignKey(Model, db_column='model')
    parameter = models.ForeignKey(Parameter, db_column='parameter')
    class Meta:
        db_table = u'defined_for'

class Parameter(models.Model):
    id = models.IntegerField(primary_key=True)
    name = models.TextField()
    units = models.TextField()
    description = models.TextField()
    min_val = models.FloatField()
    max_val = models.FloatField()
    default_val = models.FloatField()
    class Meta:
        db_table = u'parameter'

class Model(models.Model):
    id = models.IntegerField(primary_key=True)
    name = models.TextField()
    description = models.TextField()
    reference = models.TextField()
    class Meta:
        db_table = u'model'

class Experiment(models.Model):
    id = models.IntegerField(primary_key=True)
    model = models.ForeignKey(Model, db_column='model')
    at_time = models.DateTimeField()
    by_user = models.TextField()
    on_host = models.TextField()
    class Meta:
        db_table = u'experiment'

class Tag(models.Model):
    id = models.IntegerField(primary_key=True)
    name = models.TextField()
    description = models.TextField()
    class Meta:
        db_table = u'tag'

class VarValue(models.Model):
    experiment = models.ForeignKey(Experiment, db_column='experiment')
    variable = models.ForeignKey(Variable, db_column='variable')
    at_time = models.FloatField()
    value = models.FloatField()
    why_now = models.ForeignKey(TimeDetail, db_column='why_now')
    of_interest = models.BooleanField()
    class Meta:
        db_table = u'var_value'

class TimeDetail(models.Model):
    id = models.IntegerField(primary_key=True)
    name = models.TextField()
    description = models.TextField()
    class Meta:
        db_table = u'time_detail'

class TaggedWith(models.Model):
    experiment = models.ForeignKey(Experiment, db_column='experiment')
    tag = models.ForeignKey(Tag, db_column='tag')
    id = models.IntegerField()
    class Meta:
        db_table = u'tagged_with'

class ParamValue(models.Model):
    experiment = models.ForeignKey(Experiment, db_column='experiment')
    parameter = models.ForeignKey(Parameter, db_column='parameter')
    at_time = models.FloatField()
    value = models.FloatField()
    of_interest = models.BooleanField()
    id = models.IntegerField()
    class Meta:
        db_table = u'param_value'

